Using pre-set license
Built from '2020.3/staging' branch; Version is '2020.3.4f1 (0abb6314276a) revision 703331'; Using compiler version '192528614'; Build Type 'Release'
OS: 'Windows 10 Enterprise; OS build 19042.928; Version 2009; 64bit' Language: 'en' Physical Memory: 32693 MB
BatchMode: 1, IsHumanControllingUs: 0, StartBugReporterOnCrash: 0, Is64bit: 1, IsPro: 0

 COMMAND LINE ARGUMENTS:
C:\Program Files\Unity\Hub\Editor\2020.3.4f1\Editor\Unity.exe
-adb2
-batchMode
-noUpm
-name
AssetImportWorker0
-projectPath
D:/1CodeProjects/HackVH-Android-App
-logFile
Logs/AssetImportWorker0.log
-srvPort
51647
Successfully changed project path to: D:/1CodeProjects/HackVH-Android-App
D:/1CodeProjects/HackVH-Android-App
Using Asset Import Pipeline V2.
Refreshing native plugins compatible for Editor in 47.09 ms, found 1 plugins.
Preloading 0 native plugins for Editor in 0.00 ms.
Initialize engine version: 2020.3.4f1 (0abb6314276a)
[Subsystems] Discovering subsystems at path C:/Program Files/Unity/Hub/Editor/2020.3.4f1/Editor/Data/Resources/UnitySubsystems
[Subsystems] Discovering subsystems at path D:/1CodeProjects/HackVH-Android-App/Assets
GfxDevice: creating device client; threaded=0
Direct3D:
    Version:  Direct3D 11.0 [level 11.1]
    Renderer: Radeon RX Vega (ID=0x687f)
    Vendor:   
    VRAM:     8119 MB
    Driver:   27.20.15003.1004
Initialize mono
Mono path[0] = 'C:/Program Files/Unity/Hub/Editor/2020.3.4f1/Editor/Data/Managed'
Mono path[1] = 'C:/Program Files/Unity/Hub/Editor/2020.3.4f1/Editor/Data/MonoBleedingEdge/lib/mono/unityjit'
Mono config path = 'C:/Program Files/Unity/Hub/Editor/2020.3.4f1/Editor/Data/MonoBleedingEdge/etc'
Using monoOptions --debugger-agent=transport=dt_socket,embedding=1,server=y,suspend=n,address=127.0.0.1:56044
Begin MonoManager ReloadAssembly
Registering precompiled unity dll's ...
Register platform support module: C:/Program Files/Unity/Hub/Editor/2020.3.4f1/Editor/Data/PlaybackEngines/WebGLSupport/UnityEditor.WebGL.Extensions.dll
Register platform support module: C:/Program Files/Unity/Hub/Editor/2020.3.4f1/Editor/Data/PlaybackEngines/WindowsStandaloneSupport/UnityEditor.WindowsStandalone.Extensions.dll
Registered in 0.002964 seconds.
Native extension for WindowsStandalone target not found
Native extension for WebGL target not found
Refreshing native plugins compatible for Editor in 43.10 ms, found 1 plugins.
Preloading 0 native plugins for Editor in 0.00 ms.
Mono: successfully reloaded assembly
- Completed reload, in  2.372 seconds
Platform modules already initialized, skipping
Registering precompiled user dll's ...
Registered in 0.001446 seconds.
Begin MonoManager ReloadAssembly
Native extension for WindowsStandalone target not found
Native extension for WebGL target not found
Refreshing native plugins compatible for Editor in 42.14 ms, found 1 plugins.
Preloading 0 native plugins for Editor in 0.00 ms.
Mono: successfully reloaded assembly
- Completed reload, in  1.043 seconds
Platform modules already initialized, skipping
========================================================================
Worker process is ready to serve import requests
Launched and connected shader compiler UnityShaderCompiler.exe after 0.06 seconds
Refreshing native plugins compatible for Editor in 0.51 ms, found 1 plugins.
Preloading 0 native plugins for Editor in 0.00 ms.
Unloading 1913 Unused Serialized files (Serialized files now loaded: 0)
System memory in use before: 87.8 MB.
System memory in use after: 87.9 MB.

Unloading 31 unused Assets to reduce memory usage. Loaded Objects now: 2351.
Total: 2.691500 ms (FindLiveObjects: 0.285200 ms CreateObjectMapping: 0.075700 ms MarkObjects: 2.293400 ms  DeleteObjects: 0.036100 ms)

========================================================================
Received Import Request.
  path: Assets/Scenes/TimerMath.unity
  artifactKey: Guid(f79e006da1d71f84eaa8de32ed6d9a0b) Importer(815301076,1909f56bfc062723c751e8b465ee728b)
Start importing Assets/Scenes/TimerMath.unity using Guid(f79e006da1d71f84eaa8de32ed6d9a0b) Importer(815301076,1909f56bfc062723c751e8b465ee728b)  -> (artifact id: 'fc71ce2ecf8306575dd284db1fb3a8fe') in 0.015899 seconds
  Import took 0.019582 seconds .

========================================================================
Received Import Request.
  Time since last request: 0.000284 seconds.
  path: Assets/Scenes
  artifactKey: Guid(bbbc74fad6ed1d243aee6102298f428b) Importer(815301076,1909f56bfc062723c751e8b465ee728b)
Start importing Assets/Scenes using Guid(bbbc74fad6ed1d243aee6102298f428b) Importer(815301076,1909f56bfc062723c751e8b465ee728b)  -> (artifact id: '15c755fc36685d6091a6a988ac190a47') in 0.007102 seconds
  Import took 0.010528 seconds .

========================================================================
Received Prepare
Registering precompiled user dll's ...
Registered in 0.001226 seconds.
Begin MonoManager ReloadAssembly
Native extension for WindowsStandalone target not found
Native extension for WebGL target not found
Refreshing native plugins compatible for Editor in 0.64 ms, found 1 plugins.
Preloading 0 native plugins for Editor in 0.00 ms.
Mono: successfully reloaded assembly
- Completed reload, in  0.965 seconds
Platform modules already initialized, skipping
Switching build target platform(5) subTarget(0) extendedPlatform(0) -> platform(13) subTarget(537395200) extendedPlatform(0)
Refreshing native plugins compatible for Editor in 0.53 ms, found 1 plugins.
Preloading 0 native plugins for Editor in 0.00 ms.
Unloading 1906 Unused Serialized files (Serialized files now loaded: 0)
System memory in use before: 87.2 MB.
System memory in use after: 87.3 MB.

Unloading 20 unused Assets to reduce memory usage. Loaded Objects now: 2355.
Total: 2.213900 ms (FindLiveObjects: 0.278300 ms CreateObjectMapping: 0.044300 ms MarkObjects: 1.870700 ms  DeleteObjects: 0.019200 ms)

AssetImportParameters requested are different than current active one (requested -> active):
  custom:graphics/normal-map-encoding: 01000000000000000000000000000000 -> 02000000000000000000000000000000
========================================================================
Received Prepare
Registering precompiled user dll's ...
Registered in 0.001067 seconds.
Begin MonoManager ReloadAssembly
Native extension for WindowsStandalone target not found
Native extension for WebGL target not found
Refreshing native plugins compatible for Editor in 0.52 ms, found 1 plugins.
Preloading 0 native plugins for Editor in 0.00 ms.
Mono: successfully reloaded assembly
- Completed reload, in  0.940 seconds
Platform modules already initialized, skipping
Switching build target platform(5) subTarget(0) extendedPlatform(0) -> platform(13) subTarget(537395200) extendedPlatform(0)
Refreshing native plugins compatible for Editor in 0.51 ms, found 1 plugins.
Preloading 0 native plugins for Editor in 0.00 ms.
Unloading 1906 Unused Serialized files (Serialized files now loaded: 0)
System memory in use before: 87.3 MB.
System memory in use after: 87.4 MB.

Unloading 20 unused Assets to reduce memory usage. Loaded Objects now: 2359.
Total: 1.944900 ms (FindLiveObjects: 0.217400 ms CreateObjectMapping: 0.044300 ms MarkObjects: 1.661800 ms  DeleteObjects: 0.020300 ms)

AssetImportParameters requested are different than current active one (requested -> active):
  custom:graphics/normal-map-encoding: 01000000000000000000000000000000 -> 02000000000000000000000000000000
========================================================================
Received Prepare
Registering precompiled user dll's ...
Registered in 0.001150 seconds.
Begin MonoManager ReloadAssembly
Native extension for WindowsStandalone target not found
Native extension for WebGL target not found
Refreshing native plugins compatible for Editor in 0.59 ms, found 1 plugins.
Preloading 0 native plugins for Editor in 0.00 ms.
Mono: successfully reloaded assembly
- Completed reload, in  0.988 seconds
Platform modules already initialized, skipping
Switching build target platform(5) subTarget(0) extendedPlatform(0) -> platform(13) subTarget(537395200) extendedPlatform(0)
Refreshing native plugins compatible for Editor in 0.52 ms, found 1 plugins.
Preloading 0 native plugins for Editor in 0.00 ms.
Unloading 1906 Unused Serialized files (Serialized files now loaded: 0)
System memory in use before: 87.3 MB.
System memory in use after: 87.4 MB.

Unloading 20 unused Assets to reduce memory usage. Loaded Objects now: 2363.
Total: 2.072800 ms (FindLiveObjects: 0.326200 ms CreateObjectMapping: 0.061100 ms MarkObjects: 1.661600 ms  DeleteObjects: 0.022000 ms)

AssetImportParameters requested are different than current active one (requested -> active):
  custom:graphics/normal-map-encoding: 01000000000000000000000000000000 -> 02000000000000000000000000000000
========================================================================
Received Import Request.
  Time since last request: 165.010353 seconds.
  path: Assets/Scripts/HourShow.cs
  artifactKey: Guid(dba7d85bf662598499368533a1db92fc) Importer(815301076,1909f56bfc062723c751e8b465ee728b)
Start importing Assets/Scripts/HourShow.cs using Guid(dba7d85bf662598499368533a1db92fc) Importer(815301076,1909f56bfc062723c751e8b465ee728b)  -> (artifact id: 'fa08160945b8ced7c304ecbc7e203d4f') in 0.033222 seconds
  Import took 0.036361 seconds .

========================================================================
Received Import Request.
  Time since last request: 5.937824 seconds.
  path: Assets/Scripts/ScreenManager.cs
  artifactKey: Guid(2d3ced808ab75074ba22eb1c2544f7fa) Importer(815301076,1909f56bfc062723c751e8b465ee728b)
Start importing Assets/Scripts/ScreenManager.cs using Guid(2d3ced808ab75074ba22eb1c2544f7fa) Importer(815301076,1909f56bfc062723c751e8b465ee728b)  -> (artifact id: '745e50c1b6fc21210cf71941d3596f7a') in 0.007214 seconds
  Import took 0.010363 seconds .

========================================================================
Received Import Request.
  Time since last request: 0.002498 seconds.
  path: Assets/Scripts/ScreenManager.cs
  artifactKey: Guid(2d3ced808ab75074ba22eb1c2544f7fa) Importer(815301076,1909f56bfc062723c751e8b465ee728b)
Start importing Assets/Scripts/ScreenManager.cs using Guid(2d3ced808ab75074ba22eb1c2544f7fa) Importer(815301076,1909f56bfc062723c751e8b465ee728b)  -> (artifact id: '745e50c1b6fc21210cf71941d3596f7a') in 0.002563 seconds
  Import took 0.005866 seconds .

========================================================================
Received Import Request.
  Time since last request: 4.031154 seconds.
  path: Assets/Scenes/Timer.unity
  artifactKey: Guid(df4cc0360c1b1ca4999c392f0a562476) Importer(815301076,1909f56bfc062723c751e8b465ee728b)
Start importing Assets/Scenes/Timer.unity using Guid(df4cc0360c1b1ca4999c392f0a562476) Importer(815301076,1909f56bfc062723c751e8b465ee728b)  -> (artifact id: 'c92e0416928cf5a51c980632470f2047') in 0.013575 seconds
  Import took 0.016716 seconds .

========================================================================
Received Import Request.
  Time since last request: 44.377958 seconds.
  path: Assets/Scenes/MainScreen.unity
  artifactKey: Guid(2cda990e2423bbf4892e6590ba056729) Importer(815301076,1909f56bfc062723c751e8b465ee728b)
Start importing Assets/Scenes/MainScreen.unity using Guid(2cda990e2423bbf4892e6590ba056729) Importer(815301076,1909f56bfc062723c751e8b465ee728b)  -> (artifact id: '9a15d11847c752b4c44d17fd4f2c2b85') in 0.007988 seconds
  Import took 0.011182 seconds .

========================================================================
Received Prepare
Registering precompiled user dll's ...
Registered in 0.001047 seconds.
Begin MonoManager ReloadAssembly
Native extension for WindowsStandalone target not found
Native extension for WebGL target not found
Refreshing native plugins compatible for Editor in 0.75 ms, found 1 plugins.
Preloading 0 native plugins for Editor in 0.00 ms.
Mono: successfully reloaded assembly
- Completed reload, in  0.963 seconds
Platform modules already initialized, skipping
Switching build target platform(5) subTarget(0) extendedPlatform(0) -> platform(13) subTarget(537395200) extendedPlatform(0)
Refreshing native plugins compatible for Editor in 0.73 ms, found 1 plugins.
Preloading 0 native plugins for Editor in 0.00 ms.
Unloading 1906 Unused Serialized files (Serialized files now loaded: 0)
System memory in use before: 87.5 MB.
System memory in use after: 87.6 MB.

Unloading 20 unused Assets to reduce memory usage. Loaded Objects now: 2367.
Total: 2.054100 ms (FindLiveObjects: 0.244500 ms CreateObjectMapping: 0.045000 ms MarkObjects: 1.745200 ms  DeleteObjects: 0.018300 ms)

AssetImportParameters requested are different than current active one (requested -> active):
  custom:graphics/normal-map-encoding: 01000000000000000000000000000000 -> 02000000000000000000000000000000
========================================================================
Received Import Request.
  Time since last request: 38.411466 seconds.
  path: Assets/Scripts
  artifactKey: Guid(f3077bbc09047094aa18f2049cdd70a3) Importer(815301076,1909f56bfc062723c751e8b465ee728b)
Start importing Assets/Scripts using Guid(f3077bbc09047094aa18f2049cdd70a3) Importer(815301076,1909f56bfc062723c751e8b465ee728b)  -> (artifact id: '4f7f34ebe70c7bd1c271a569feb08ec2') in 0.010897 seconds
  Import took 0.013975 seconds .

========================================================================
Received Prepare
Registering precompiled user dll's ...
Registered in 0.001133 seconds.
Begin MonoManager ReloadAssembly
Native extension for WindowsStandalone target not found
Native extension for WebGL target not found
Refreshing native plugins compatible for Editor in 0.55 ms, found 1 plugins.
Preloading 0 native plugins for Editor in 0.00 ms.
Mono: successfully reloaded assembly
- Completed reload, in  0.964 seconds
Platform modules already initialized, skipping
Switching build target platform(5) subTarget(0) extendedPlatform(0) -> platform(13) subTarget(537395200) extendedPlatform(0)
Refreshing native plugins compatible for Editor in 0.72 ms, found 1 plugins.
Preloading 0 native plugins for Editor in 0.00 ms.
Unloading 1907 Unused Serialized files (Serialized files now loaded: 0)
System memory in use before: 87.6 MB.
System memory in use after: 87.7 MB.

Unloading 20 unused Assets to reduce memory usage. Loaded Objects now: 2372.
Total: 2.229600 ms (FindLiveObjects: 0.280200 ms CreateObjectMapping: 0.044900 ms MarkObjects: 1.881900 ms  DeleteObjects: 0.021700 ms)

AssetImportParameters requested are different than current active one (requested -> active):
  custom:graphics/normal-map-encoding: 01000000000000000000000000000000 -> 02000000000000000000000000000000
========================================================================
Received Import Request.
  Time since last request: 10.507784 seconds.
  path: Assets/Scripts/toTimerMath.cs
  artifactKey: Guid(3b23eb02591dd194ab1b55a9d0e4ae58) Importer(815301076,1909f56bfc062723c751e8b465ee728b)
Start importing Assets/Scripts/toTimerMath.cs using Guid(3b23eb02591dd194ab1b55a9d0e4ae58) Importer(815301076,1909f56bfc062723c751e8b465ee728b)  -> (artifact id: '55cc052f6e68acf643af598c7a8a8b73') in 0.010843 seconds
  Import took 0.013714 seconds .

========================================================================
Received Prepare
Registering precompiled user dll's ...
Registered in 0.001018 seconds.
Begin MonoManager ReloadAssembly
Native extension for WindowsStandalone target not found
Native extension for WebGL target not found
Refreshing native plugins compatible for Editor in 0.54 ms, found 1 plugins.
Preloading 0 native plugins for Editor in 0.00 ms.
Mono: successfully reloaded assembly
- Completed reload, in  0.971 seconds
Platform modules already initialized, skipping
Switching build target platform(5) subTarget(0) extendedPlatform(0) -> platform(13) subTarget(537395200) extendedPlatform(0)
Refreshing native plugins compatible for Editor in 0.49 ms, found 1 plugins.
Preloading 0 native plugins for Editor in 0.00 ms.
Unloading 1907 Unused Serialized files (Serialized files now loaded: 0)
System memory in use before: 87.6 MB.
System memory in use after: 87.7 MB.

Unloading 20 unused Assets to reduce memory usage. Loaded Objects now: 2376.
Total: 2.217200 ms (FindLiveObjects: 0.257500 ms CreateObjectMapping: 0.044800 ms MarkObjects: 1.889800 ms  DeleteObjects: 0.023400 ms)

AssetImportParameters requested are different than current active one (requested -> active):
  custom:graphics/normal-map-encoding: 01000000000000000000000000000000 -> 02000000000000000000000000000000
========================================================================
Received Import Request.
  Time since last request: 26.518031 seconds.
  path: Assets/Scripts/TimerMath.cs
  artifactKey: Guid(c95528220afd4fc4b8a0d55ac22268b5) Importer(815301076,1909f56bfc062723c751e8b465ee728b)
Start importing Assets/Scripts/TimerMath.cs using Guid(c95528220afd4fc4b8a0d55ac22268b5) Importer(815301076,1909f56bfc062723c751e8b465ee728b)  -> (artifact id: 'c28dab36c683d6fe72d3b679aa22f787') in 0.014940 seconds
  Import took 0.019307 seconds .

========================================================================
Received Import Request.
  Time since last request: 0.028808 seconds.
  path: Assets/Scripts/TimerMath.cs
  artifactKey: Guid(c95528220afd4fc4b8a0d55ac22268b5) Importer(815301076,1909f56bfc062723c751e8b465ee728b)
Start importing Assets/Scripts/TimerMath.cs using Guid(c95528220afd4fc4b8a0d55ac22268b5) Importer(815301076,1909f56bfc062723c751e8b465ee728b)  -> (artifact id: 'c28dab36c683d6fe72d3b679aa22f787') in 0.003170 seconds
  Import took 0.006983 seconds .

========================================================================
Received Import Request.
  Time since last request: 2.837600 seconds.
  path: Assets/Scripts/ChangeScene.cs
  artifactKey: Guid(765b59bb7f7543f4696211ff605f3112) Importer(815301076,1909f56bfc062723c751e8b465ee728b)
Start importing Assets/Scripts/ChangeScene.cs using Guid(765b59bb7f7543f4696211ff605f3112) Importer(815301076,1909f56bfc062723c751e8b465ee728b)  -> (artifact id: '1c69eea19a3ca994d27ff4bd7876eac6') in 0.011438 seconds
  Import took 0.016719 seconds .

========================================================================
Received Prepare
Registering precompiled user dll's ...
Registered in 0.001058 seconds.
Begin MonoManager ReloadAssembly
Native extension for WindowsStandalone target not found
Native extension for WebGL target not found
Refreshing native plugins compatible for Editor in 0.51 ms, found 1 plugins.
Preloading 0 native plugins for Editor in 0.00 ms.
Mono: successfully reloaded assembly
- Completed reload, in  1.006 seconds
Platform modules already initialized, skipping
Switching build target platform(5) subTarget(0) extendedPlatform(0) -> platform(13) subTarget(537395200) extendedPlatform(0)
Refreshing native plugins compatible for Editor in 0.57 ms, found 1 plugins.
Preloading 0 native plugins for Editor in 0.00 ms.
Unloading 1907 Unused Serialized files (Serialized files now loaded: 0)
System memory in use before: 87.6 MB.
System memory in use after: 87.7 MB.

Unloading 20 unused Assets to reduce memory usage. Loaded Objects now: 2380.
Total: 2.260400 ms (FindLiveObjects: 0.302800 ms CreateObjectMapping: 0.047600 ms MarkObjects: 1.886600 ms  DeleteObjects: 0.022000 ms)

AssetImportParameters requested are different than current active one (requested -> active):
  custom:graphics/normal-map-encoding: 01000000000000000000000000000000 -> 02000000000000000000000000000000
========================================================================
Received Import Request.
  Time since last request: 21.610323 seconds.
  path: Assets/Scripts/ChangeScene.cs
  artifactKey: Guid(765b59bb7f7543f4696211ff605f3112) Importer(815301076,1909f56bfc062723c751e8b465ee728b)
Start importing Assets/Scripts/ChangeScene.cs using Guid(765b59bb7f7543f4696211ff605f3112) Importer(815301076,1909f56bfc062723c751e8b465ee728b)  -> (artifact id: '8e7b8cc882b801afb31b81bfa4764a74') in 0.006208 seconds
  Import took 0.009774 seconds .

========================================================================
Received Import Request.
  Time since last request: 0.016270 seconds.
  path: Assets/Scripts/ChangeScene.cs
  artifactKey: Guid(765b59bb7f7543f4696211ff605f3112) Importer(815301076,1909f56bfc062723c751e8b465ee728b)
Start importing Assets/Scripts/ChangeScene.cs using Guid(765b59bb7f7543f4696211ff605f3112) Importer(815301076,1909f56bfc062723c751e8b465ee728b)  -> (artifact id: '8e7b8cc882b801afb31b81bfa4764a74') in 0.002383 seconds
  Import took 0.005516 seconds .

========================================================================
Received Prepare
Registering precompiled user dll's ...
Registered in 0.001012 seconds.
Begin MonoManager ReloadAssembly
Native extension for WindowsStandalone target not found
Native extension for WebGL target not found
Refreshing native plugins compatible for Editor in 0.51 ms, found 1 plugins.
Preloading 0 native plugins for Editor in 0.00 ms.
Mono: successfully reloaded assembly
- Completed reload, in  1.060 seconds
Platform modules already initialized, skipping
Switching build target platform(5) subTarget(0) extendedPlatform(0) -> platform(13) subTarget(537395200) extendedPlatform(0)
Refreshing native plugins compatible for Editor in 0.54 ms, found 1 plugins.
Preloading 0 native plugins for Editor in 0.00 ms.
Unloading 1907 Unused Serialized files (Serialized files now loaded: 0)
System memory in use before: 87.6 MB.
System memory in use after: 87.7 MB.

Unloading 20 unused Assets to reduce memory usage. Loaded Objects now: 2384.
Total: 1.997400 ms (FindLiveObjects: 0.229900 ms CreateObjectMapping: 0.044000 ms MarkObjects: 1.705300 ms  DeleteObjects: 0.016900 ms)

AssetImportParameters requested are different than current active one (requested -> active):
  custom:graphics/normal-map-encoding: 01000000000000000000000000000000 -> 02000000000000000000000000000000
========================================================================
Received Prepare
Registering precompiled user dll's ...
Registered in 0.001224 seconds.
Begin MonoManager ReloadAssembly
Native extension for WindowsStandalone target not found
Native extension for WebGL target not found
Refreshing native plugins compatible for Editor in 0.57 ms, found 1 plugins.
Preloading 0 native plugins for Editor in 0.00 ms.
Mono: successfully reloaded assembly
- Completed reload, in  1.005 seconds
Platform modules already initialized, skipping
Switching build target platform(5) subTarget(0) extendedPlatform(0) -> platform(13) subTarget(537395200) extendedPlatform(0)
Refreshing native plugins compatible for Editor in 0.50 ms, found 1 plugins.
Preloading 0 native plugins for Editor in 0.00 ms.
Unloading 1907 Unused Serialized files (Serialized files now loaded: 0)
System memory in use before: 87.6 MB.
System memory in use after: 87.7 MB.

Unloading 20 unused Assets to reduce memory usage. Loaded Objects now: 2388.
Total: 2.627800 ms (FindLiveObjects: 0.388800 ms CreateObjectMapping: 0.065200 ms MarkObjects: 2.152200 ms  DeleteObjects: 0.020500 ms)

AssetImportParameters requested are different than current active one (requested -> active):
  custom:graphics/normal-map-encoding: 01000000000000000000000000000000 -> 02000000000000000000000000000000
========================================================================
Received Prepare
Registering precompiled user dll's ...
Registered in 0.001151 seconds.
Begin MonoManager ReloadAssembly
Native extension for WindowsStandalone target not found
Native extension for WebGL target not found
Refreshing native plugins compatible for Editor in 0.56 ms, found 1 plugins.
Preloading 0 native plugins for Editor in 0.00 ms.
Mono: successfully reloaded assembly
- Completed reload, in  1.062 seconds
Platform modules already initialized, skipping
Switching build target platform(5) subTarget(0) extendedPlatform(0) -> platform(13) subTarget(537395200) extendedPlatform(0)
Refreshing native plugins compatible for Editor in 0.61 ms, found 1 plugins.
Preloading 0 native plugins for Editor in 0.00 ms.
Unloading 1907 Unused Serialized files (Serialized files now loaded: 0)
System memory in use before: 87.6 MB.
System memory in use after: 87.7 MB.

Unloading 20 unused Assets to reduce memory usage. Loaded Objects now: 2392.
Total: 2.132400 ms (FindLiveObjects: 0.230600 ms CreateObjectMapping: 0.044100 ms MarkObjects: 1.837900 ms  DeleteObjects: 0.018500 ms)

AssetImportParameters requested are different than current active one (requested -> active):
  custom:graphics/normal-map-encoding: 01000000000000000000000000000000 -> 02000000000000000000000000000000
========================================================================
Received Prepare
Registering precompiled user dll's ...
Registered in 0.001015 seconds.
Begin MonoManager ReloadAssembly
Native extension for WindowsStandalone target not found
Native extension for WebGL target not found
Refreshing native plugins compatible for Editor in 0.55 ms, found 1 plugins.
Preloading 0 native plugins for Editor in 0.00 ms.
Mono: successfully reloaded assembly
- Completed reload, in  1.102 seconds
Platform modules already initialized, skipping
Switching build target platform(5) subTarget(0) extendedPlatform(0) -> platform(13) subTarget(537395200) extendedPlatform(0)
Refreshing native plugins compatible for Editor in 0.54 ms, found 1 plugins.
Preloading 0 native plugins for Editor in 0.00 ms.
Unloading 1907 Unused Serialized files (Serialized files now loaded: 0)
System memory in use before: 87.6 MB.
System memory in use after: 87.7 MB.

Unloading 20 unused Assets to reduce memory usage. Loaded Objects now: 2396.
Total: 2.959300 ms (FindLiveObjects: 0.313400 ms CreateObjectMapping: 0.057500 ms MarkObjects: 2.561700 ms  DeleteObjects: 0.025200 ms)

AssetImportParameters requested are different than current active one (requested -> active):
  custom:graphics/normal-map-encoding: 01000000000000000000000000000000 -> 02000000000000000000000000000000
========================================================================
Received Prepare
Registering precompiled user dll's ...
Registered in 0.001791 seconds.
Begin MonoManager ReloadAssembly
Native extension for WindowsStandalone target not found
Native extension for WebGL target not found
Refreshing native plugins compatible for Editor in 0.51 ms, found 1 plugins.
Preloading 0 native plugins for Editor in 0.00 ms.
Mono: successfully reloaded assembly
- Completed reload, in  1.088 seconds
Platform modules already initialized, skipping
Switching build target platform(5) subTarget(0) extendedPlatform(0) -> platform(13) subTarget(537395200) extendedPlatform(0)
Refreshing native plugins compatible for Editor in 0.71 ms, found 1 plugins.
Preloading 0 native plugins for Editor in 0.00 ms.
Unloading 1907 Unused Serialized files (Serialized files now loaded: 0)
System memory in use before: 87.8 MB.
System memory in use after: 87.9 MB.

Unloading 20 unused Assets to reduce memory usage. Loaded Objects now: 2400.
Total: 1.944200 ms (FindLiveObjects: 0.215800 ms CreateObjectMapping: 0.046100 ms MarkObjects: 1.660900 ms  DeleteObjects: 0.020400 ms)

AssetImportParameters requested are different than current active one (requested -> active):
  custom:graphics/normal-map-encoding: 01000000000000000000000000000000 -> 02000000000000000000000000000000
========================================================================
Received Import Request.
  Time since last request: 427.513183 seconds.
  path: Assets/Prefabs/Button.prefab
  artifactKey: Guid(fe94ad2688e2cb243873191dd306df14) Importer(815301076,1909f56bfc062723c751e8b465ee728b)
Start importing Assets/Prefabs/Button.prefab using Guid(fe94ad2688e2cb243873191dd306df14) Importer(815301076,1909f56bfc062723c751e8b465ee728b)  -> (artifact id: '980dfc05dc5d5c8b5f936ee4b1a8262b') in 0.060690 seconds
  Import took 0.064435 seconds .

========================================================================
Received Import Request.
  Time since last request: 2.235353 seconds.
  path: Assets/Fonts/sketchup/SKETCHUP FREE TRIAL.ttf
  artifactKey: Guid(89cddeca2c15e8a4b950cdff9c924e75) Importer(815301076,1909f56bfc062723c751e8b465ee728b)
Start importing Assets/Fonts/sketchup/SKETCHUP FREE TRIAL.ttf using Guid(89cddeca2c15e8a4b950cdff9c924e75) Importer(815301076,1909f56bfc062723c751e8b465ee728b)  -> (artifact id: '99db1662d4546c1f0a902bb2a13910cd') in 0.133307 seconds
  Import took 0.136483 seconds .

========================================================================
Received Import Request.
  Time since last request: 0.255983 seconds.
  path: Assets/Fonts/sketchup/SKETCHUP FREE TRIAL.otf
  artifactKey: Guid(bc6c2adbd0f8c6a4597658b07934cd37) Importer(815301076,1909f56bfc062723c751e8b465ee728b)
Start importing Assets/Fonts/sketchup/SKETCHUP FREE TRIAL.otf using Guid(bc6c2adbd0f8c6a4597658b07934cd37) Importer(815301076,1909f56bfc062723c751e8b465ee728b)  -> (artifact id: '97d423677397e5e97ec789b6e80978e7') in 0.015204 seconds
  Import took 0.018951 seconds .

========================================================================
Received Import Request.
  Time since last request: 0.000257 seconds.
  path: Assets/Fonts/neo_latina/neo-latina-demo-FFP.ttf
  artifactKey: Guid(48c417c7b15544e40bc21a2ea5b8098b) Importer(815301076,1909f56bfc062723c751e8b465ee728b)
Start importing Assets/Fonts/neo_latina/neo-latina-demo-FFP.ttf using Guid(48c417c7b15544e40bc21a2ea5b8098b) Importer(815301076,1909f56bfc062723c751e8b465ee728b)  -> (artifact id: '6f116b04b19daf88873e8e35b42d36ae') in 0.022722 seconds
  Import took 0.026023 seconds .

========================================================================
Received Import Request.
  Time since last request: 0.021423 seconds.
  path: Assets/Fonts/valorant/Valorant Font.ttf
  artifactKey: Guid(cb75bab9dda87fd48b5a2cdad08da768) Importer(815301076,1909f56bfc062723c751e8b465ee728b)
Start importing Assets/Fonts/valorant/Valorant Font.ttf using Guid(cb75bab9dda87fd48b5a2cdad08da768) Importer(815301076,1909f56bfc062723c751e8b465ee728b)  -> (artifact id: 'e88f7343afc6da5d078dc8ce2346ce70') in 0.016199 seconds
  Import took 0.020080 seconds .

========================================================================
Received Import Request.
  Time since last request: 0.000273 seconds.
  path: Assets/Fonts/mobile_sans2/Mobile Sans.ttf
  artifactKey: Guid(77b979b9498becb47abee2fd12625224) Importer(815301076,1909f56bfc062723c751e8b465ee728b)
Start importing Assets/Fonts/mobile_sans2/Mobile Sans.ttf using Guid(77b979b9498becb47abee2fd12625224) Importer(815301076,1909f56bfc062723c751e8b465ee728b)  -> (artifact id: 'aa624a49228edc8efeef56de222d318a') in 0.017860 seconds
  Import took 0.021556 seconds .

========================================================================
Received Prepare
Registering precompiled user dll's ...
Registered in 0.001069 seconds.
Begin MonoManager ReloadAssembly
Native extension for WindowsStandalone target not found
Native extension for WebGL target not found
Refreshing native plugins compatible for Editor in 0.86 ms, found 1 plugins.
Preloading 0 native plugins for Editor in 0.00 ms.
Mono: successfully reloaded assembly
- Completed reload, in  1.271 seconds
Platform modules already initialized, skipping
Switching build target platform(5) subTarget(0) extendedPlatform(0) -> platform(13) subTarget(537395200) extendedPlatform(0)
Refreshing native plugins compatible for Editor in 0.66 ms, found 1 plugins.
Preloading 0 native plugins for Editor in 0.00 ms.
Unloading 1907 Unused Serialized files (Serialized files now loaded: 0)
System memory in use before: 91.0 MB.
System memory in use after: 91.2 MB.

Unloading 21 unused Assets to reduce memory usage. Loaded Objects now: 2448.
Total: 2.840600 ms (FindLiveObjects: 0.296900 ms CreateObjectMapping: 0.049300 ms MarkObjects: 2.455900 ms  DeleteObjects: 0.036700 ms)

AssetImportParameters requested are different than current active one (requested -> active):
  custom:graphics/normal-map-encoding: 01000000000000000000000000000000 -> 02000000000000000000000000000000
========================================================================
Received Prepare
Registering precompiled user dll's ...
Registered in 0.001154 seconds.
Begin MonoManager ReloadAssembly
Native extension for WindowsStandalone target not found
Native extension for WebGL target not found
Refreshing native plugins compatible for Editor in 0.52 ms, found 1 plugins.
Preloading 0 native plugins for Editor in 0.00 ms.
Mono: successfully reloaded assembly
- Completed reload, in  1.104 seconds
Platform modules already initialized, skipping
Switching build target platform(5) subTarget(0) extendedPlatform(0) -> platform(13) subTarget(537395200) extendedPlatform(0)
Refreshing native plugins compatible for Editor in 0.49 ms, found 1 plugins.
Preloading 0 native plugins for Editor in 0.00 ms.
Unloading 1907 Unused Serialized files (Serialized files now loaded: 0)
System memory in use before: 91.0 MB.
System memory in use after: 91.2 MB.

Unloading 20 unused Assets to reduce memory usage. Loaded Objects now: 2452.
Total: 2.044500 ms (FindLiveObjects: 0.205900 ms CreateObjectMapping: 0.044700 ms MarkObjects: 1.772600 ms  DeleteObjects: 0.019900 ms)

AssetImportParameters requested are different than current active one (requested -> active):
  custom:graphics/normal-map-encoding: 01000000000000000000000000000000 -> 02000000000000000000000000000000
========================================================================
Received Import Request.
  Time since last request: 258.799395 seconds.
  path: Assets/Scripts/toTimerMath.cs
  artifactKey: Guid(3b23eb02591dd194ab1b55a9d0e4ae58) Importer(815301076,1909f56bfc062723c751e8b465ee728b)
Start importing Assets/Scripts/toTimerMath.cs using Guid(3b23eb02591dd194ab1b55a9d0e4ae58) Importer(815301076,1909f56bfc062723c751e8b465ee728b)  -> (artifact id: '93c17fb68a258da17c81fe2849122363') in 0.007100 seconds
  Import took 0.010589 seconds .

========================================================================
Received Prepare
Registering precompiled user dll's ...
Registered in 0.001455 seconds.
Begin MonoManager ReloadAssembly
Native extension for WindowsStandalone target not found
Native extension for WebGL target not found
Refreshing native plugins compatible for Editor in 1.03 ms, found 1 plugins.
Preloading 0 native plugins for Editor in 0.00 ms.
Mono: successfully reloaded assembly
- Completed reload, in  1.275 seconds
Platform modules already initialized, skipping
Switching build target platform(5) subTarget(0) extendedPlatform(0) -> platform(13) subTarget(537395200) extendedPlatform(0)
Refreshing native plugins compatible for Editor in 0.73 ms, found 1 plugins.
Preloading 0 native plugins for Editor in 0.00 ms.
Unloading 1906 Unused Serialized files (Serialized files now loaded: 0)
System memory in use before: 91.0 MB.
System memory in use after: 91.2 MB.

Unloading 21 unused Assets to reduce memory usage. Loaded Objects now: 2455.
Total: 3.428000 ms (FindLiveObjects: 0.570500 ms CreateObjectMapping: 0.062800 ms MarkObjects: 2.755000 ms  DeleteObjects: 0.038100 ms)

AssetImportParameters requested are different than current active one (requested -> active):
  custom:graphics/normal-map-encoding: 01000000000000000000000000000000 -> 02000000000000000000000000000000
========================================================================
Received Prepare
Registering precompiled user dll's ...
Registered in 0.001295 seconds.
Begin MonoManager ReloadAssembly
Native extension for WindowsStandalone target not found
Native extension for WebGL target not found
Refreshing native plugins compatible for Editor in 0.59 ms, found 1 plugins.
Preloading 0 native plugins for Editor in 0.00 ms.
Mono: successfully reloaded assembly
- Completed reload, in  1.162 seconds
Platform modules already initialized, skipping
Switching build target platform(5) subTarget(0) extendedPlatform(0) -> platform(13) subTarget(537395200) extendedPlatform(0)
Refreshing native plugins compatible for Editor in 0.55 ms, found 1 plugins.
Preloading 0 native plugins for Editor in 0.00 ms.
Unloading 1907 Unused Serialized files (Serialized files now loaded: 0)
System memory in use before: 91.1 MB.
System memory in use after: 91.2 MB.

Unloading 20 unused Assets to reduce memory usage. Loaded Objects now: 2460.
Total: 2.409900 ms (FindLiveObjects: 0.282600 ms CreateObjectMapping: 0.048600 ms MarkObjects: 2.055100 ms  DeleteObjects: 0.021900 ms)

AssetImportParameters requested are different than current active one (requested -> active):
  custom:graphics/normal-map-encoding: 01000000000000000000000000000000 -> 02000000000000000000000000000000
AssetImportWorkerClient::OnTransportError - code=2 error=End of file
