Using pre-set license
Built from '2020.3/staging' branch; Version is '2020.3.4f1 (0abb6314276a) revision 703331'; Using compiler version '192528614'; Build Type 'Release'
OS: 'Windows 10 Pro; OS build 19042.928; Version 2009; 64bit' Language: 'en' Physical Memory: 16119 MB
BatchMode: 1, IsHumanControllingUs: 0, StartBugReporterOnCrash: 0, Is64bit: 1, IsPro: 0

 COMMAND LINE ARGUMENTS:
C:\Program Files\Unity\Hub\Editor\2020.3.4f1\Editor\Unity.exe
-adb2
-batchMode
-noUpm
-name
AssetImportWorker0
-projectPath
C:/Users/nruia/OneDrive/Documents/GitHub/HackVH-Android-App
-logFile
Logs/AssetImportWorker0.log
-srvPort
49354
Successfully changed project path to: C:/Users/nruia/OneDrive/Documents/GitHub/HackVH-Android-App
C:/Users/nruia/OneDrive/Documents/GitHub/HackVH-Android-App
Using Asset Import Pipeline V2.
Refreshing native plugins compatible for Editor in 42.80 ms, found 1 plugins.
Preloading 0 native plugins for Editor in 0.00 ms.
Initialize engine version: 2020.3.4f1 (0abb6314276a)
[Subsystems] Discovering subsystems at path C:/Program Files/Unity/Hub/Editor/2020.3.4f1/Editor/Data/Resources/UnitySubsystems
[Subsystems] Discovering subsystems at path C:/Users/nruia/OneDrive/Documents/GitHub/HackVH-Android-App/Assets
GfxDevice: creating device client; threaded=0
Direct3D:
    Version:  Direct3D 11.0 [level 11.1]
    Renderer: NVIDIA GeForce GTX 1650 Ti with Max-Q Design (ID=0x1f95)
    Vendor:   
    VRAM:     3962 MB
    Driver:   27.21.14.6109
Initialize mono
Mono path[0] = 'C:/Program Files/Unity/Hub/Editor/2020.3.4f1/Editor/Data/Managed'
Mono path[1] = 'C:/Program Files/Unity/Hub/Editor/2020.3.4f1/Editor/Data/MonoBleedingEdge/lib/mono/unityjit'
Mono config path = 'C:/Program Files/Unity/Hub/Editor/2020.3.4f1/Editor/Data/MonoBleedingEdge/etc'
Using monoOptions --debugger-agent=transport=dt_socket,embedding=1,server=y,suspend=n,address=127.0.0.1:56532
Begin MonoManager ReloadAssembly
Registering precompiled unity dll's ...
Register platform support module: C:/Program Files/Unity/Hub/Editor/2020.3.4f1/Editor/Data/PlaybackEngines/WebGLSupport/UnityEditor.WebGL.Extensions.dll
Register platform support module: C:/Program Files/Unity/Hub/Editor/2020.3.4f1/Editor/Data/PlaybackEngines/MacStandaloneSupport/UnityEditor.OSXStandalone.Extensions.dll
Register platform support module: C:/Program Files/Unity/Hub/Editor/2020.3.4f1/Editor/Data/PlaybackEngines/WindowsStandaloneSupport/UnityEditor.WindowsStandalone.Extensions.dll
Registered in 0.002367 seconds.
Native extension for WindowsStandalone target not found
Native extension for OSXStandalone target not found
Native extension for WebGL target not found
Refreshing native plugins compatible for Editor in 46.26 ms, found 1 plugins.
Preloading 0 native plugins for Editor in 0.00 ms.
Mono: successfully reloaded assembly
- Completed reload, in  1.468 seconds
Platform modules already initialized, skipping
Registering precompiled user dll's ...
Registered in 0.000894 seconds.
Begin MonoManager ReloadAssembly
Native extension for WindowsStandalone target not found
Native extension for OSXStandalone target not found
Native extension for WebGL target not found
Refreshing native plugins compatible for Editor in 41.29 ms, found 1 plugins.
Preloading 0 native plugins for Editor in 0.00 ms.
Mono: successfully reloaded assembly
- Completed reload, in  0.839 seconds
Platform modules already initialized, skipping
========================================================================
Worker process is ready to serve import requests
Launched and connected shader compiler UnityShaderCompiler.exe after 0.05 seconds
Refreshing native plugins compatible for Editor in 0.41 ms, found 1 plugins.
Preloading 0 native plugins for Editor in 0.00 ms.
Unloading 1912 Unused Serialized files (Serialized files now loaded: 0)
System memory in use before: 87.6 MB.
System memory in use after: 87.7 MB.

Unloading 31 unused Assets to reduce memory usage. Loaded Objects now: 2348.
Total: 2.200800 ms (FindLiveObjects: 0.160600 ms CreateObjectMapping: 0.062900 ms MarkObjects: 1.938800 ms  DeleteObjects: 0.037200 ms)

========================================================================
Received Import Request.
  path: Assets/Scripts/ChangeScene.cs
  artifactKey: Guid(765b59bb7f7543f4696211ff605f3112) Importer(815301076,1909f56bfc062723c751e8b465ee728b)
Start importing Assets/Scripts/ChangeScene.cs using Guid(765b59bb7f7543f4696211ff605f3112) Importer(815301076,1909f56bfc062723c751e8b465ee728b)  -> (artifact id: 'a2ea398abf7833c25008658194e1ace6') in 0.017641 seconds
  Import took 0.021285 seconds .

========================================================================
Received Import Request.
  Time since last request: 3.269988 seconds.
  path: Assets/Scenes/MainScreen.unity
  artifactKey: Guid(2cda990e2423bbf4892e6590ba056729) Importer(815301076,1909f56bfc062723c751e8b465ee728b)
Start importing Assets/Scenes/MainScreen.unity using Guid(2cda990e2423bbf4892e6590ba056729) Importer(815301076,1909f56bfc062723c751e8b465ee728b)  -> (artifact id: '51e8ce350b5e0d72291192224e9f52d2') in 0.013561 seconds
  Import took 0.016977 seconds .

========================================================================
Received Import Request.
  Time since last request: 0.001063 seconds.
  path: Assets/Scenes/MainScreen.unity
  artifactKey: Guid(2cda990e2423bbf4892e6590ba056729) Importer(815301076,1909f56bfc062723c751e8b465ee728b)
Start importing Assets/Scenes/MainScreen.unity using Guid(2cda990e2423bbf4892e6590ba056729) Importer(815301076,1909f56bfc062723c751e8b465ee728b)  -> (artifact id: '51e8ce350b5e0d72291192224e9f52d2') in 0.002671 seconds
  Import took 0.006185 seconds .

========================================================================
Received Prepare
Registering precompiled user dll's ...
Registered in 0.000872 seconds.
Begin MonoManager ReloadAssembly
Native extension for WindowsStandalone target not found
Native extension for OSXStandalone target not found
Native extension for WebGL target not found
Refreshing native plugins compatible for Editor in 0.54 ms, found 1 plugins.
Preloading 0 native plugins for Editor in 0.00 ms.
Mono: successfully reloaded assembly
- Completed reload, in  0.832 seconds
Platform modules already initialized, skipping
Switching build target platform(5) subTarget(0) extendedPlatform(0) -> platform(13) subTarget(537395200) extendedPlatform(0)
Refreshing native plugins compatible for Editor in 0.58 ms, found 1 plugins.
Preloading 0 native plugins for Editor in 0.00 ms.
Unloading 1905 Unused Serialized files (Serialized files now loaded: 0)
System memory in use before: 87.1 MB.
System memory in use after: 87.2 MB.

Unloading 20 unused Assets to reduce memory usage. Loaded Objects now: 2352.
Total: 1.844900 ms (FindLiveObjects: 0.270100 ms CreateObjectMapping: 0.107700 ms MarkObjects: 1.442300 ms  DeleteObjects: 0.023600 ms)

AssetImportParameters requested are different than current active one (requested -> active):
  custom:graphics/normal-map-encoding: 01000000000000000000000000000000 -> 02000000000000000000000000000000
========================================================================
Received Prepare
Registering precompiled user dll's ...
Registered in 0.000924 seconds.
Begin MonoManager ReloadAssembly
Native extension for WindowsStandalone target not found
Native extension for OSXStandalone target not found
Native extension for WebGL target not found
Refreshing native plugins compatible for Editor in 0.43 ms, found 1 plugins.
Preloading 0 native plugins for Editor in 0.00 ms.
Mono: successfully reloaded assembly
- Completed reload, in  0.785 seconds
Platform modules already initialized, skipping
Switching build target platform(5) subTarget(0) extendedPlatform(0) -> platform(13) subTarget(537395200) extendedPlatform(0)
Refreshing native plugins compatible for Editor in 0.44 ms, found 1 plugins.
Preloading 0 native plugins for Editor in 0.00 ms.
Unloading 1905 Unused Serialized files (Serialized files now loaded: 0)
System memory in use before: 87.1 MB.
System memory in use after: 87.2 MB.

Unloading 20 unused Assets to reduce memory usage. Loaded Objects now: 2356.
Total: 1.763600 ms (FindLiveObjects: 0.149300 ms CreateObjectMapping: 0.053600 ms MarkObjects: 1.536100 ms  DeleteObjects: 0.023000 ms)

AssetImportParameters requested are different than current active one (requested -> active):
  custom:graphics/normal-map-encoding: 01000000000000000000000000000000 -> 02000000000000000000000000000000
========================================================================
Received Import Request.
  Time since last request: 1023.435710 seconds.
  path: Assets/Scripts/UIManager.cs
  artifactKey: Guid(e87e530330528324d9e0a5db6d10ff60) Importer(815301076,1909f56bfc062723c751e8b465ee728b)
Start importing Assets/Scripts/UIManager.cs using Guid(e87e530330528324d9e0a5db6d10ff60) Importer(815301076,1909f56bfc062723c751e8b465ee728b)  -> (artifact id: '9d20987be858d71c561deb1c2187e8cb') in 0.010885 seconds
  Import took 0.014932 seconds .

========================================================================
Received Import Request.
  Time since last request: 0.000542 seconds.
  path: Assets/Scripts/UIManager.cs
  artifactKey: Guid(e87e530330528324d9e0a5db6d10ff60) Importer(815301076,1909f56bfc062723c751e8b465ee728b)
Start importing Assets/Scripts/UIManager.cs using Guid(e87e530330528324d9e0a5db6d10ff60) Importer(815301076,1909f56bfc062723c751e8b465ee728b)  -> (artifact id: '9d20987be858d71c561deb1c2187e8cb') in 0.003463 seconds
  Import took 0.006610 seconds .

========================================================================
Received Import Request.
  Time since last request: 6.276283 seconds.
  path: Assets/Scripts/UIManager.cs
  artifactKey: Guid(e87e530330528324d9e0a5db6d10ff60) Importer(815301076,1909f56bfc062723c751e8b465ee728b)
Start importing Assets/Scripts/UIManager.cs using Guid(e87e530330528324d9e0a5db6d10ff60) Importer(815301076,1909f56bfc062723c751e8b465ee728b)  -> (artifact id: '3bb17708e3b79c0f8f3ed086f44634ab') in 0.002871 seconds
  Import took 0.006606 seconds .

========================================================================
Received Prepare
Registering precompiled user dll's ...
Registered in 0.000821 seconds.
Begin MonoManager ReloadAssembly
Native extension for WindowsStandalone target not found
Native extension for OSXStandalone target not found
Native extension for WebGL target not found
Refreshing native plugins compatible for Editor in 0.42 ms, found 1 plugins.
Preloading 0 native plugins for Editor in 0.00 ms.
Mono: successfully reloaded assembly
- Completed reload, in  0.773 seconds
Platform modules already initialized, skipping
Switching build target platform(5) subTarget(0) extendedPlatform(0) -> platform(13) subTarget(537395200) extendedPlatform(0)
Refreshing native plugins compatible for Editor in 0.46 ms, found 1 plugins.
Preloading 0 native plugins for Editor in 0.00 ms.
Unloading 1905 Unused Serialized files (Serialized files now loaded: 0)
System memory in use before: 87.4 MB.
System memory in use after: 87.5 MB.

Unloading 20 unused Assets to reduce memory usage. Loaded Objects now: 2360.
Total: 1.686000 ms (FindLiveObjects: 0.179300 ms CreateObjectMapping: 0.064200 ms MarkObjects: 1.417200 ms  DeleteObjects: 0.024300 ms)

AssetImportParameters requested are different than current active one (requested -> active):
  custom:graphics/normal-map-encoding: 01000000000000000000000000000000 -> 02000000000000000000000000000000
========================================================================
Received Import Request.
  Time since last request: 368.777450 seconds.
  path: Assets/Art/AboutUI.jpg
  artifactKey: Guid(4ba5cf9d4eb24d448a8e4b221fa13770) Importer(815301076,1909f56bfc062723c751e8b465ee728b)
Start importing Assets/Art/AboutUI.jpg using Guid(4ba5cf9d4eb24d448a8e4b221fa13770) Importer(815301076,1909f56bfc062723c751e8b465ee728b)  -> (artifact id: 'e92a5843a660a2acbea2719dfc45606b') in 0.125477 seconds
  Import took 0.129562 seconds .

========================================================================
Received Import Request.
  Time since last request: 0.000208 seconds.
  path: Assets/Fonts/neo_latina/neo-latina-sans-small-caps-fb.jpg
  artifactKey: Guid(8839081a2cc976544805847f386e35df) Importer(815301076,1909f56bfc062723c751e8b465ee728b)
Start importing Assets/Fonts/neo_latina/neo-latina-sans-small-caps-fb.jpg using Guid(8839081a2cc976544805847f386e35df) Importer(815301076,1909f56bfc062723c751e8b465ee728b)  -> (artifact id: '2416a44dc5bd2a20dc855557d6add2e3') in 0.029540 seconds
  Import took 0.033122 seconds .

========================================================================
Received Import Request.
  Time since last request: 0.000233 seconds.
  path: Assets/Art/d67d53369ca6d095005b17d60a97ffdb (1).png
  artifactKey: Guid(349fd32821e27a64896255f94fb10acc) Importer(815301076,1909f56bfc062723c751e8b465ee728b)
Start importing Assets/Art/d67d53369ca6d095005b17d60a97ffdb (1).png using Guid(349fd32821e27a64896255f94fb10acc) Importer(815301076,1909f56bfc062723c751e8b465ee728b)  -> (artifact id: 'b37fc4df8f9a9f36591f174eb707aa62') in 0.029442 seconds
  Import took 0.032879 seconds .

========================================================================
Received Import Request.
  Time since last request: 0.000175 seconds.
  path: Assets/Fonts/mobile_sans2/Mobile apresentation.png
  artifactKey: Guid(b07c88b8a7c7ac54385b2db3038a395c) Importer(815301076,1909f56bfc062723c751e8b465ee728b)
Start importing Assets/Fonts/mobile_sans2/Mobile apresentation.png using Guid(b07c88b8a7c7ac54385b2db3038a395c) Importer(815301076,1909f56bfc062723c751e8b465ee728b)  -> (artifact id: 'b09cf0506faf7e5c7a4b21cb01659108') in 0.036354 seconds
  Import took 0.039730 seconds .

========================================================================
Received Import Request.
  Time since last request: 0.000197 seconds.
  path: Assets/Art/AboutUI.jpg
  artifactKey: Guid(4ba5cf9d4eb24d448a8e4b221fa13770) Importer(815301076,1909f56bfc062723c751e8b465ee728b)
Start importing Assets/Art/AboutUI.jpg using Guid(4ba5cf9d4eb24d448a8e4b221fa13770) Importer(815301076,1909f56bfc062723c751e8b465ee728b)  -> (artifact id: 'e92a5843a660a2acbea2719dfc45606b') in 0.031706 seconds
  Import took 0.035076 seconds .

========================================================================
Received Import Request.
  Time since last request: 0.000237 seconds.
  path: Assets/Fonts/neo_latina/neo-latina-sans-small-caps-w.FFP.png
  artifactKey: Guid(c9f81fe0bacbe49478b8170e5c71ac35) Importer(815301076,1909f56bfc062723c751e8b465ee728b)
Start importing Assets/Fonts/neo_latina/neo-latina-sans-small-caps-w.FFP.png using Guid(c9f81fe0bacbe49478b8170e5c71ac35) Importer(815301076,1909f56bfc062723c751e8b465ee728b)  -> (artifact id: 'a6ac25028230fad009507f56f73decde') in 0.021344 seconds
  Import took 0.025473 seconds .

========================================================================
Received Import Request.
  Time since last request: 483.192759 seconds.
  path: Assets/Scripts/DisableCanvas.cs
  artifactKey: Guid(2d3ced808ab75074ba22eb1c2544f7fa) Importer(815301076,1909f56bfc062723c751e8b465ee728b)
Start importing Assets/Scripts/DisableCanvas.cs using Guid(2d3ced808ab75074ba22eb1c2544f7fa) Importer(815301076,1909f56bfc062723c751e8b465ee728b)  -> (artifact id: 'ed5299561ba130f538a8d320466e36e8') in 0.008370 seconds
  Import took 0.013154 seconds .

========================================================================
Received Prepare
Registering precompiled user dll's ...
Registered in 0.000871 seconds.
Begin MonoManager ReloadAssembly
Native extension for WindowsStandalone target not found
Native extension for OSXStandalone target not found
Native extension for WebGL target not found
Refreshing native plugins compatible for Editor in 0.42 ms, found 1 plugins.
Preloading 0 native plugins for Editor in 0.00 ms.
Mono: successfully reloaded assembly
- Completed reload, in  0.861 seconds
Platform modules already initialized, skipping
Switching build target platform(5) subTarget(0) extendedPlatform(0) -> platform(13) subTarget(537395200) extendedPlatform(0)
Refreshing native plugins compatible for Editor in 0.42 ms, found 1 plugins.
Preloading 0 native plugins for Editor in 0.00 ms.
Unloading 1906 Unused Serialized files (Serialized files now loaded: 0)
System memory in use before: 90.5 MB.
System memory in use after: 90.6 MB.

Unloading 20 unused Assets to reduce memory usage. Loaded Objects now: 2379.
Total: 1.768400 ms (FindLiveObjects: 0.219500 ms CreateObjectMapping: 0.063800 ms MarkObjects: 1.463000 ms  DeleteObjects: 0.020900 ms)

AssetImportParameters requested are different than current active one (requested -> active):
  custom:graphics/normal-map-encoding: 01000000000000000000000000000000 -> 02000000000000000000000000000000
========================================================================
Received Prepare
Registering precompiled user dll's ...
Registered in 0.000885 seconds.
Begin MonoManager ReloadAssembly
Native extension for WindowsStandalone target not found
Native extension for OSXStandalone target not found
Native extension for WebGL target not found
Refreshing native plugins compatible for Editor in 0.43 ms, found 1 plugins.
Preloading 0 native plugins for Editor in 0.00 ms.
Mono: successfully reloaded assembly
- Completed reload, in  0.807 seconds
Platform modules already initialized, skipping
Switching build target platform(5) subTarget(0) extendedPlatform(0) -> platform(13) subTarget(537395200) extendedPlatform(0)
Refreshing native plugins compatible for Editor in 0.43 ms, found 1 plugins.
Preloading 0 native plugins for Editor in 0.00 ms.
Unloading 1906 Unused Serialized files (Serialized files now loaded: 0)
System memory in use before: 90.5 MB.
System memory in use after: 90.6 MB.

Unloading 20 unused Assets to reduce memory usage. Loaded Objects now: 2383.
Total: 1.720200 ms (FindLiveObjects: 0.166700 ms CreateObjectMapping: 0.054100 ms MarkObjects: 1.479900 ms  DeleteObjects: 0.018500 ms)

AssetImportParameters requested are different than current active one (requested -> active):
  custom:graphics/normal-map-encoding: 01000000000000000000000000000000 -> 02000000000000000000000000000000
========================================================================
Received Import Request.
  Time since last request: 1110.244855 seconds.
  path: Assets/Scripts/DisableCanvas.cs
  artifactKey: Guid(2d3ced808ab75074ba22eb1c2544f7fa) Importer(815301076,1909f56bfc062723c751e8b465ee728b)
Start importing Assets/Scripts/DisableCanvas.cs using Guid(2d3ced808ab75074ba22eb1c2544f7fa) Importer(815301076,1909f56bfc062723c751e8b465ee728b)  -> (artifact id: '380048cad8521bb725836a0f4042d6c5') in 0.004629 seconds
  Import took 0.007628 seconds .

========================================================================
Received Prepare
Registering precompiled user dll's ...
Registered in 0.001234 seconds.
Begin MonoManager ReloadAssembly
Native extension for WindowsStandalone target not found
Native extension for OSXStandalone target not found
Native extension for WebGL target not found
Refreshing native plugins compatible for Editor in 0.43 ms, found 1 plugins.
Preloading 0 native plugins for Editor in 0.00 ms.
Mono: successfully reloaded assembly
- Completed reload, in  0.790 seconds
Platform modules already initialized, skipping
Switching build target platform(5) subTarget(0) extendedPlatform(0) -> platform(13) subTarget(537395200) extendedPlatform(0)
Refreshing native plugins compatible for Editor in 0.43 ms, found 1 plugins.
Preloading 0 native plugins for Editor in 0.00 ms.
Unloading 1907 Unused Serialized files (Serialized files now loaded: 0)
System memory in use before: 90.5 MB.
System memory in use after: 90.6 MB.

Unloading 20 unused Assets to reduce memory usage. Loaded Objects now: 2388.
Total: 1.803400 ms (FindLiveObjects: 0.246600 ms CreateObjectMapping: 0.047000 ms MarkObjects: 1.478600 ms  DeleteObjects: 0.029900 ms)

AssetImportParameters requested are different than current active one (requested -> active):
  custom:graphics/normal-map-encoding: 01000000000000000000000000000000 -> 02000000000000000000000000000000
========================================================================
Received Import Request.
  Time since last request: 76.115412 seconds.
  path: Assets/screenpages.cs
  artifactKey: Guid(1c1d1e613b01e4d4085db8f50b64a07b) Importer(815301076,1909f56bfc062723c751e8b465ee728b)
Start importing Assets/screenpages.cs using Guid(1c1d1e613b01e4d4085db8f50b64a07b) Importer(815301076,1909f56bfc062723c751e8b465ee728b)  -> (artifact id: '28f70e7a7d9b2e3a0484c1e832ff0088') in 0.010389 seconds
  Import took 0.013646 seconds .

========================================================================
Received Import Request.
  Time since last request: 0.004751 seconds.
  path: Assets/screenpages.cs
  artifactKey: Guid(1c1d1e613b01e4d4085db8f50b64a07b) Importer(815301076,1909f56bfc062723c751e8b465ee728b)
Start importing Assets/screenpages.cs using Guid(1c1d1e613b01e4d4085db8f50b64a07b) Importer(815301076,1909f56bfc062723c751e8b465ee728b)  -> (artifact id: '28f70e7a7d9b2e3a0484c1e832ff0088') in 0.003033 seconds
  Import took 0.006804 seconds .

========================================================================
Received Import Request.
  Time since last request: 19.823504 seconds.
  path: Assets/screenpages.cs
  artifactKey: Guid(1c1d1e613b01e4d4085db8f50b64a07b) Importer(815301076,1909f56bfc062723c751e8b465ee728b)
Start importing Assets/screenpages.cs using Guid(1c1d1e613b01e4d4085db8f50b64a07b) Importer(815301076,1909f56bfc062723c751e8b465ee728b)  -> (artifact id: '2433c38f92c32ce579ab37ac6196a61e') in 0.002172 seconds
  Import took 0.005622 seconds .

========================================================================
Received Prepare
Registering precompiled user dll's ...
Registered in 0.001262 seconds.
Begin MonoManager ReloadAssembly
Native extension for WindowsStandalone target not found
Native extension for OSXStandalone target not found
Native extension for WebGL target not found
Refreshing native plugins compatible for Editor in 0.61 ms, found 1 plugins.
Preloading 0 native plugins for Editor in 0.00 ms.
Mono: successfully reloaded assembly
- Completed reload, in  0.819 seconds
Platform modules already initialized, skipping
Switching build target platform(5) subTarget(0) extendedPlatform(0) -> platform(13) subTarget(537395200) extendedPlatform(0)
Refreshing native plugins compatible for Editor in 0.44 ms, found 1 plugins.
Preloading 0 native plugins for Editor in 0.00 ms.
Unloading 1906 Unused Serialized files (Serialized files now loaded: 0)
System memory in use before: 90.5 MB.
System memory in use after: 90.6 MB.

Unloading 21 unused Assets to reduce memory usage. Loaded Objects now: 2391.
Total: 1.556300 ms (FindLiveObjects: 0.149700 ms CreateObjectMapping: 0.050400 ms MarkObjects: 1.337100 ms  DeleteObjects: 0.018000 ms)

AssetImportParameters requested are different than current active one (requested -> active):
  custom:graphics/normal-map-encoding: 01000000000000000000000000000000 -> 02000000000000000000000000000000
========================================================================
Received Import Request.
  Time since last request: 69.378944 seconds.
  path: Assets/Scripts/ScreenManager.cs
  artifactKey: Guid(2d3ced808ab75074ba22eb1c2544f7fa) Importer(815301076,1909f56bfc062723c751e8b465ee728b)
Start importing Assets/Scripts/ScreenManager.cs using Guid(2d3ced808ab75074ba22eb1c2544f7fa) Importer(815301076,1909f56bfc062723c751e8b465ee728b)  -> (artifact id: '6a7780d43661356e0be513b6deaaf56b') in 0.011405 seconds
  Import took 0.015458 seconds .

========================================================================
Received Prepare
Registering precompiled user dll's ...
Registered in 0.000865 seconds.
Begin MonoManager ReloadAssembly
Native extension for WindowsStandalone target not found
Native extension for OSXStandalone target not found
Native extension for WebGL target not found
Refreshing native plugins compatible for Editor in 0.42 ms, found 1 plugins.
Preloading 0 native plugins for Editor in 0.00 ms.
Mono: successfully reloaded assembly
- Completed reload, in  0.805 seconds
Platform modules already initialized, skipping
Switching build target platform(5) subTarget(0) extendedPlatform(0) -> platform(13) subTarget(537395200) extendedPlatform(0)
Refreshing native plugins compatible for Editor in 0.43 ms, found 1 plugins.
Preloading 0 native plugins for Editor in 0.00 ms.
Unloading 1906 Unused Serialized files (Serialized files now loaded: 0)
System memory in use before: 90.5 MB.
System memory in use after: 90.6 MB.

Unloading 20 unused Assets to reduce memory usage. Loaded Objects now: 2395.
Total: 1.565700 ms (FindLiveObjects: 0.149300 ms CreateObjectMapping: 0.051300 ms MarkObjects: 1.340600 ms  DeleteObjects: 0.023300 ms)

AssetImportParameters requested are different than current active one (requested -> active):
  custom:graphics/normal-map-encoding: 01000000000000000000000000000000 -> 02000000000000000000000000000000
========================================================================
Received Prepare
Registering precompiled user dll's ...
Registered in 0.000845 seconds.
Begin MonoManager ReloadAssembly
Native extension for WindowsStandalone target not found
Native extension for OSXStandalone target not found
Native extension for WebGL target not found
Refreshing native plugins compatible for Editor in 0.44 ms, found 1 plugins.
Preloading 0 native plugins for Editor in 0.00 ms.
Mono: successfully reloaded assembly
- Completed reload, in  0.841 seconds
Platform modules already initialized, skipping
Switching build target platform(5) subTarget(0) extendedPlatform(0) -> platform(13) subTarget(537395200) extendedPlatform(0)
Refreshing native plugins compatible for Editor in 0.45 ms, found 1 plugins.
Preloading 0 native plugins for Editor in 0.00 ms.
Unloading 1907 Unused Serialized files (Serialized files now loaded: 0)
System memory in use before: 90.6 MB.
System memory in use after: 90.7 MB.

Unloading 20 unused Assets to reduce memory usage. Loaded Objects now: 2400.
Total: 1.652000 ms (FindLiveObjects: 0.153900 ms CreateObjectMapping: 0.062200 ms MarkObjects: 1.415800 ms  DeleteObjects: 0.019000 ms)

AssetImportParameters requested are different than current active one (requested -> active):
  custom:graphics/normal-map-encoding: 01000000000000000000000000000000 -> 02000000000000000000000000000000
========================================================================
Received Import Request.
  Time since last request: 359.372904 seconds.
  path: Assets/Scripts/screenpages.cs
  artifactKey: Guid(1c1d1e613b01e4d4085db8f50b64a07b) Importer(815301076,1909f56bfc062723c751e8b465ee728b)
Start importing Assets/Scripts/screenpages.cs using Guid(1c1d1e613b01e4d4085db8f50b64a07b) Importer(815301076,1909f56bfc062723c751e8b465ee728b)  -> (artifact id: 'b5697e0bcfdcf8cd0d5cddd04e5d7e3f') in 0.005104 seconds
  Import took 0.009267 seconds .

========================================================================
Received Prepare
Registering precompiled user dll's ...
Registered in 0.000847 seconds.
Begin MonoManager ReloadAssembly
Native extension for WindowsStandalone target not found
Native extension for OSXStandalone target not found
Native extension for WebGL target not found
Refreshing native plugins compatible for Editor in 0.42 ms, found 1 plugins.
Preloading 0 native plugins for Editor in 0.00 ms.
Mono: successfully reloaded assembly
- Completed reload, in  0.813 seconds
Platform modules already initialized, skipping
Switching build target platform(5) subTarget(0) extendedPlatform(0) -> platform(13) subTarget(537395200) extendedPlatform(0)
Refreshing native plugins compatible for Editor in 0.57 ms, found 1 plugins.
Preloading 0 native plugins for Editor in 0.00 ms.
Unloading 1907 Unused Serialized files (Serialized files now loaded: 0)
System memory in use before: 90.6 MB.
System memory in use after: 90.7 MB.

Unloading 20 unused Assets to reduce memory usage. Loaded Objects now: 2404.
Total: 1.706800 ms (FindLiveObjects: 0.234100 ms CreateObjectMapping: 0.055200 ms MarkObjects: 1.392300 ms  DeleteObjects: 0.024400 ms)

AssetImportParameters requested are different than current active one (requested -> active):
  custom:graphics/normal-map-encoding: 01000000000000000000000000000000 -> 02000000000000000000000000000000
========================================================================
Received Prepare
Registering precompiled user dll's ...
Registered in 0.000897 seconds.
Begin MonoManager ReloadAssembly
Native extension for WindowsStandalone target not found
Native extension for OSXStandalone target not found
Native extension for WebGL target not found
Refreshing native plugins compatible for Editor in 0.42 ms, found 1 plugins.
Preloading 0 native plugins for Editor in 0.00 ms.
Mono: successfully reloaded assembly
- Completed reload, in  0.821 seconds
Platform modules already initialized, skipping
Switching build target platform(5) subTarget(0) extendedPlatform(0) -> platform(13) subTarget(537395200) extendedPlatform(0)
Refreshing native plugins compatible for Editor in 0.44 ms, found 1 plugins.
Preloading 0 native plugins for Editor in 0.00 ms.
Unloading 1906 Unused Serialized files (Serialized files now loaded: 0)
System memory in use before: 90.6 MB.
System memory in use after: 90.7 MB.

Unloading 21 unused Assets to reduce memory usage. Loaded Objects now: 2407.
Total: 1.639000 ms (FindLiveObjects: 0.154600 ms CreateObjectMapping: 0.055600 ms MarkObjects: 1.404400 ms  DeleteObjects: 0.023100 ms)

AssetImportParameters requested are different than current active one (requested -> active):
  custom:graphics/normal-map-encoding: 01000000000000000000000000000000 -> 02000000000000000000000000000000
========================================================================
Received Import Request.
  Time since last request: 41.515361 seconds.
  path: Assets/Scripts/UIPageSwitch.cs
  artifactKey: Guid(df510d37d5bad3b4c96bfdcec80b3c87) Importer(815301076,1909f56bfc062723c751e8b465ee728b)
Start importing Assets/Scripts/UIPageSwitch.cs using Guid(df510d37d5bad3b4c96bfdcec80b3c87) Importer(815301076,1909f56bfc062723c751e8b465ee728b)  -> (artifact id: '9b4f85ef4fae920f30f1e5ddc0f17466') in 0.009082 seconds
  Import took 0.013067 seconds .

========================================================================
Received Prepare
Registering precompiled user dll's ...
Registered in 0.000865 seconds.
Begin MonoManager ReloadAssembly
Native extension for WindowsStandalone target not found
Native extension for OSXStandalone target not found
Native extension for WebGL target not found
Refreshing native plugins compatible for Editor in 0.43 ms, found 1 plugins.
Preloading 0 native plugins for Editor in 0.00 ms.
Mono: successfully reloaded assembly
- Completed reload, in  0.896 seconds
Platform modules already initialized, skipping
Switching build target platform(5) subTarget(0) extendedPlatform(0) -> platform(13) subTarget(537395200) extendedPlatform(0)
Refreshing native plugins compatible for Editor in 0.44 ms, found 1 plugins.
Preloading 0 native plugins for Editor in 0.00 ms.
Unloading 1907 Unused Serialized files (Serialized files now loaded: 0)
System memory in use before: 90.6 MB.
System memory in use after: 90.7 MB.

Unloading 20 unused Assets to reduce memory usage. Loaded Objects now: 2412.
Total: 2.250200 ms (FindLiveObjects: 0.393200 ms CreateObjectMapping: 0.152400 ms MarkObjects: 1.670300 ms  DeleteObjects: 0.032700 ms)

AssetImportParameters requested are different than current active one (requested -> active):
  custom:graphics/normal-map-encoding: 01000000000000000000000000000000 -> 02000000000000000000000000000000
========================================================================
Received Import Request.
  Time since last request: 919.725482 seconds.
  path: ProjectSettings/TagManager.asset
  artifactKey: Guid(00000000000000003000000000000000) Importer(815301076,1909f56bfc062723c751e8b465ee728b)
Start importing ProjectSettings/TagManager.asset using Guid(00000000000000003000000000000000) Importer(815301076,1909f56bfc062723c751e8b465ee728b)  -> (artifact id: '412dcb57b31f49cb50955ec4e4cd9f98') in 0.024776 seconds
  Import took 0.029289 seconds .

========================================================================
Received Import Request.
  Time since last request: 0.009547 seconds.
  path: ProjectSettings/TagManager.asset
  artifactKey: Guid(00000000000000003000000000000000) Importer(815301076,1909f56bfc062723c751e8b465ee728b)
Start importing ProjectSettings/TagManager.asset using Guid(00000000000000003000000000000000) Importer(815301076,1909f56bfc062723c751e8b465ee728b)  -> (artifact id: '412dcb57b31f49cb50955ec4e4cd9f98') in 0.002990 seconds
  Import took 0.006310 seconds .

========================================================================
Received Import Request.
  Time since last request: 315.323437 seconds.
  path: Assets/Scripts/UIPageSwitch.cs
  artifactKey: Guid(df510d37d5bad3b4c96bfdcec80b3c87) Importer(815301076,1909f56bfc062723c751e8b465ee728b)
Start importing Assets/Scripts/UIPageSwitch.cs using Guid(df510d37d5bad3b4c96bfdcec80b3c87) Importer(815301076,1909f56bfc062723c751e8b465ee728b)  -> (artifact id: '126bd42e5ead23b914f60a18540c499c') in 0.002400 seconds
  Import took 0.006849 seconds .

========================================================================
Received Prepare
Registering precompiled user dll's ...
Registered in 0.000904 seconds.
Begin MonoManager ReloadAssembly
Native extension for WindowsStandalone target not found
Native extension for OSXStandalone target not found
Native extension for WebGL target not found
Refreshing native plugins compatible for Editor in 0.43 ms, found 1 plugins.
Preloading 0 native plugins for Editor in 0.00 ms.
Mono: successfully reloaded assembly
- Completed reload, in  0.920 seconds
Platform modules already initialized, skipping
Switching build target platform(5) subTarget(0) extendedPlatform(0) -> platform(13) subTarget(537395200) extendedPlatform(0)
Refreshing native plugins compatible for Editor in 0.42 ms, found 1 plugins.
Preloading 0 native plugins for Editor in 0.00 ms.
Unloading 1906 Unused Serialized files (Serialized files now loaded: 0)
System memory in use before: 90.6 MB.
System memory in use after: 90.7 MB.

Unloading 23 unused Assets to reduce memory usage. Loaded Objects now: 2415.
Total: 1.953600 ms (FindLiveObjects: 0.231100 ms CreateObjectMapping: 0.064100 ms MarkObjects: 1.620400 ms  DeleteObjects: 0.035500 ms)

AssetImportParameters requested are different than current active one (requested -> active):
  custom:graphics/normal-map-encoding: 01000000000000000000000000000000 -> 02000000000000000000000000000000
========================================================================
Received Prepare
Registering precompiled user dll's ...
Registered in 0.000892 seconds.
Begin MonoManager ReloadAssembly
Native extension for WindowsStandalone target not found
Native extension for OSXStandalone target not found
Native extension for WebGL target not found
Refreshing native plugins compatible for Editor in 0.43 ms, found 1 plugins.
Preloading 0 native plugins for Editor in 0.00 ms.
Mono: successfully reloaded assembly
- Completed reload, in  0.846 seconds
Platform modules already initialized, skipping
Switching build target platform(5) subTarget(0) extendedPlatform(0) -> platform(13) subTarget(537395200) extendedPlatform(0)
Refreshing native plugins compatible for Editor in 0.45 ms, found 1 plugins.
Preloading 0 native plugins for Editor in 0.00 ms.
Unloading 1906 Unused Serialized files (Serialized files now loaded: 0)
System memory in use before: 90.6 MB.
System memory in use after: 90.7 MB.

Unloading 20 unused Assets to reduce memory usage. Loaded Objects now: 2419.
Total: 1.908700 ms (FindLiveObjects: 0.288200 ms CreateObjectMapping: 0.078500 ms MarkObjects: 1.413700 ms  DeleteObjects: 0.126800 ms)

AssetImportParameters requested are different than current active one (requested -> active):
  custom:graphics/normal-map-encoding: 01000000000000000000000000000000 -> 02000000000000000000000000000000
========================================================================
Received Import Request.
  Time since last request: 263.069819 seconds.
  path: Assets/Fonts/rabanera/Rabanera-outline-shadow.otf
  artifactKey: Guid(7e0ed88e076470e4bbea566bfe904d0e) Importer(815301076,1909f56bfc062723c751e8b465ee728b)
Start importing Assets/Fonts/rabanera/Rabanera-outline-shadow.otf using Guid(7e0ed88e076470e4bbea566bfe904d0e) Importer(815301076,1909f56bfc062723c751e8b465ee728b)  -> (artifact id: '078bf566d808ca22bbabb8894d171038') in 0.095245 seconds
  Import took 0.098897 seconds .

========================================================================
Received Import Request.
  Time since last request: 0.000560 seconds.
  path: Assets/Fonts/rabanera/Rabanera-outline-shadow.ttf
  artifactKey: Guid(5155d48c7432d3248a5d1c114766df4a) Importer(815301076,1909f56bfc062723c751e8b465ee728b)
Start importing Assets/Fonts/rabanera/Rabanera-outline-shadow.ttf using Guid(5155d48c7432d3248a5d1c114766df4a) Importer(815301076,1909f56bfc062723c751e8b465ee728b)  -> (artifact id: '574fe6581053b0700b9c01d9f54e598c') in 0.013617 seconds
  Import took 0.018198 seconds .

========================================================================
Received Import Request.
  Time since last request: 0.000171 seconds.
  path: Assets/Fonts/rabanera/Rabanera-outline-shadow.otf
  artifactKey: Guid(7e0ed88e076470e4bbea566bfe904d0e) Importer(815301076,1909f56bfc062723c751e8b465ee728b)
Start importing Assets/Fonts/rabanera/Rabanera-outline-shadow.otf using Guid(7e0ed88e076470e4bbea566bfe904d0e) Importer(815301076,1909f56bfc062723c751e8b465ee728b)  -> (artifact id: '078bf566d808ca22bbabb8894d171038') in 0.012447 seconds
  Import took 0.016399 seconds .

========================================================================
Received Prepare
Registering precompiled user dll's ...
Registered in 0.000863 seconds.
Begin MonoManager ReloadAssembly
Native extension for WindowsStandalone target not found
Native extension for OSXStandalone target not found
Native extension for WebGL target not found
Refreshing native plugins compatible for Editor in 0.58 ms, found 1 plugins.
Preloading 0 native plugins for Editor in 0.00 ms.
Mono: successfully reloaded assembly
- Completed reload, in  0.886 seconds
Platform modules already initialized, skipping
Switching build target platform(5) subTarget(0) extendedPlatform(0) -> platform(13) subTarget(537395200) extendedPlatform(0)
Refreshing native plugins compatible for Editor in 0.47 ms, found 1 plugins.
Preloading 0 native plugins for Editor in 0.00 ms.
Unloading 1906 Unused Serialized files (Serialized files now loaded: 0)
System memory in use before: 90.9 MB.
System memory in use after: 91.1 MB.

Unloading 20 unused Assets to reduce memory usage. Loaded Objects now: 2464.
Total: 1.848100 ms (FindLiveObjects: 0.229500 ms CreateObjectMapping: 0.070000 ms MarkObjects: 1.528300 ms  DeleteObjects: 0.019000 ms)

AssetImportParameters requested are different than current active one (requested -> active):
  custom:graphics/normal-map-encoding: 01000000000000000000000000000000 -> 02000000000000000000000000000000
========================================================================
Received Prepare
Registering precompiled user dll's ...
Registered in 0.000919 seconds.
Begin MonoManager ReloadAssembly
Native extension for WindowsStandalone target not found
Native extension for OSXStandalone target not found
Native extension for WebGL target not found
Refreshing native plugins compatible for Editor in 0.46 ms, found 1 plugins.
Preloading 0 native plugins for Editor in 0.00 ms.
Mono: successfully reloaded assembly
- Completed reload, in  0.990 seconds
Platform modules already initialized, skipping
Switching build target platform(5) subTarget(0) extendedPlatform(0) -> platform(13) subTarget(537395200) extendedPlatform(0)
Refreshing native plugins compatible for Editor in 0.42 ms, found 1 plugins.
Preloading 0 native plugins for Editor in 0.00 ms.
Unloading 1906 Unused Serialized files (Serialized files now loaded: 0)
System memory in use before: 91.0 MB.
System memory in use after: 91.1 MB.

Unloading 20 unused Assets to reduce memory usage. Loaded Objects now: 2468.
Total: 1.717400 ms (FindLiveObjects: 0.186000 ms CreateObjectMapping: 0.062000 ms MarkObjects: 1.451800 ms  DeleteObjects: 0.016200 ms)

AssetImportParameters requested are different than current active one (requested -> active):
  custom:graphics/normal-map-encoding: 01000000000000000000000000000000 -> 02000000000000000000000000000000
AssetImportWorkerClient::OnTransportError - code=2 error=End of file
